make all --print-data-base --no-builtin-variables --no-builtin-rules --question
# GNU Make 4.3
# Built for x86_64-pc-linux-gnu
# Copyright (C) 1988-2020 Free Software Foundation, Inc.
# License GPLv3+: GNU GPL version 3 or later <http://gnu.org/licenses/gpl.html>
# This is free software: you are free to change and redistribute it.
# There is NO WARRANTY, to the extent permitted by law.

# Make data base, printed on Wed May 25 20:53:33 2022

# Variables

# makefile (from 'Makefile', line 8)
OBJ = $(SRC:.c=.o)
# environment
GDK_BACKEND = x11
# default
ARFLAGS := -rv
# environment
LC_ALL = C
# environment
NO_AT_BRIDGE = 1
# makefile (from 'Makefile', line 7)
SRC = st.c x.c boxdraw.c hb.c
# environment
STARSHIP_SESSION_KEY = 2127510294310793
# default
FFLAGS := -O1
# environment
VSCODE_IPC_HOOK_EXTHOST = /run/user/1000/vscode-ipc-4e4ad11c-0669-4a68-873e-63f3de9d5915.sock
 
# environment
LC_NAME = de_DE.UTF-8
# environment
LC_NUMERIC = de_DE.UTF-8
# environment
VSCODE_CWD = /opt/st
# environment
WINDOWID = 23068678
# makefile (from 'config.mk', line 20)
LIBS = -L$(X11LIB) -lm -lrt -lX11 -lutil -lXft  `$(PKG_CONFIG) --libs fontconfig`  `$(PKG_CONFIG) --libs freetype2`  `$(PKG_CONFIG) --libs harfbuzz`
# environment
UBUNTU_MENUPROXY = 1
# environment
LC_ADDRESS = de_DE.UTF-8
# default
MAKE_COMMAND := make
# environment
GTK3_MODULES = xapp-gtk3-module
# automatic
@D = $(patsubst %/,%,$(dir $@))
# makefile (from 'config.mk', line 27)
STCFLAGS = $(INCS) $(STCPPFLAGS) $(CPPFLAGS) $(CFLAGS)
# environment
VSCODE_HANDLES_UNCAUGHT_ERRORS = true
# default
.VARIABLES := 
# environment
PWD = /opt/st
# automatic
%D = $(patsubst %/,%,$(dir $%))
# environment
MAIL = /var/spool/mail/radsteve
# makefile (from 'config.mk', line 13)
PKG_CONFIG = pkg-config
# environment
ENABLE_FLUTTER_DESKTOP = true
# environment
OLDPWD = /home/radsteve
# automatic
^D = $(patsubst %/,%,$(dir $^))
# environment
VSCODE_LOG_STACK = false
# automatic
%F = $(notdir $%)
# environment
VSCODE_CODE_CACHE_PATH = /home/radsteve/.config/Code/CachedData/c3511e6c69bb39013c4a4b7b9566ec1ca73fc4d5
# environment
XDG_SESSION_PATH = /org/freedesktop/DisplayManager/Session1
# environment
LANG = C
# environment
XAUTHORITY = /home/radsteve/.Xauthority
# default
.LOADED := 
# default
.INCLUDE_DIRS = /usr/include /usr/local/include /usr/include
# makefile
MAKEFLAGS = pqrR
# makefile
CURDIR := /opt/st
# environment
VSCODE_PIPE_LOGGING = true
# environment
APPLICATION_INSIGHTS_NO_DIAGNOSTIC_CHANNEL = true
# automatic
*D = $(patsubst %/,%,$(dir $*))
# makefile (from 'config.mk', line 2)
VERSION = 0.8.4
# environment
MFLAGS = -pqrR
# default
.SHELLFLAGS := -ec
# automatic
+D = $(patsubst %/,%,$(dir $+))
# environment
XDG_SESSION_DESKTOP = 
# makefile (from 'config.mk', line 1)
MAKEFILE_LIST := Makefile config.mk
# automatic
@F = $(notdir $@)
# environment
VSCODE_VERBOSE_LOGGING = true
# environment
VSCODE_PID = 3448
# environment
XDG_SESSION_TYPE = x11
# automatic
?D = $(patsubst %/,%,$(dir $?))
# automatic
*F = $(notdir $*)
# environment
QT_QPA_PLATFORMTHEME = qt5ct
# environment
CHROME_DESKTOP = code-url-handler.desktop
# environment
DBUS_SESSION_BUS_ADDRESS = unix:path=/run/user/1000/bus
# automatic
<D = $(patsubst %/,%,$(dir $<))
# environment
VSCODE_NLS_CONFIG = {"locale":"en-us","availableLanguages":{},"_languagePackSupport":true}
# environment
ANDROID_SDK_ROOT = /opt/android-sdk
# default
MAKE_HOST := x86_64-pc-linux-gnu
# environment
ANDROID_HOME = /opt/android-sdk
# makefile
SHELL = /bin/sh
# default
MAKECMDGOALS := all
# environment
DOTNET_BUNDLE_EXTRACT_BASE_DIR = /home/radsteve/.cache/dotnet_bundle_extract
# environment
SHLVL = 3
# environment
MAKELEVEL := 0
# default
MAKE = $(MAKE_COMMAND)
# default
FC := fort77
# environment
PATH = /opt/st:/opt/spicetify-cli:/opt/shell-color-scripts/colorscripts:/home/radsteve/.local/bin:/home/radsteve/.yarn/bin:/home/radsteve/.flutter/bin:/home/radsteve/.cargo/bin:/usr/local/sbin:/usr/local/bin:/usr/bin:/opt/android-sdk/tools:/opt/android-sdk/tools/bin:/home/radsteve/.dotnet/tools:/usr/lib/jvm/default/bin:/usr/bin/site_perl:/usr/bin/vendor_perl:/usr/bin/core_perl
# default
MAKEFILES := 
# environment
LC_MONETARY = de_DE.UTF-8
# environment
MOTD_SHOWN = pam
# automatic
^F = $(notdir $^)
# environment
LC_TIME = de_DE.UTF-8
# makefile (from 'config.mk', line 7)
PREFIX = /usr/local
# makefile (from 'config.mk', line 16)
INCS = -I$(X11INC)  `$(PKG_CONFIG) --cflags fontconfig`  `$(PKG_CONFIG) --cflags freetype2`  `$(PKG_CONFIG) --cflags harfbuzz`
# environment
VSCODE_LOG_NATIVE = false
# environment
LC_TELEPHONE = de_DE.UTF-8
# automatic
?F = $(notdir $?)
# environment
XDG_SEAT = seat0
# environment
XDG_CURRENT_DESKTOP = 
# automatic
+F = $(notdir $+)
# environment
XDG_SEAT_PATH = /org/freedesktop/DisplayManager/Seat0
# environment
DESKTOP_SESSION = bspwm
# environment
ORIGINAL_XDG_CURRENT_DESKTOP = 
# 'override' directive
GNUMAKEFLAGS := 
# environment
BROWSER = firefox
# environment
LOGNAME = radsteve
# makefile (from 'config.mk', line 10)
X11INC = /usr/X11R6/include
# environment
XDG_VTNR = 1
# makefile
.DEFAULT_GOAL := all
# environment
EDITOR = nvim
# environment
DISPLAY = :0
# environment
GTK_MODULES = canberra-gtk-module:appmenu-gtk-module
# environment
USER = radsteve
# default
MAKE_VERSION := 4.3
# default
SCCSGETFLAGS := -s
# environment
LC_MEASUREMENT = de_DE.UTF-8
# environment
STARSHIP_SHELL = zsh
# environment
_ = /usr/bin/make
# environment
LC_PAPER = de_DE.UTF-8
# environment
XDG_RUNTIME_DIR = /run/user/1000
# default
CFLAGS := -O1
# makefile (from 'config.mk', line 26)
STCPPFLAGS = -DVERSION=\"$(VERSION)\" -D_XOPEN_SOURCE=600
# environment
XDG_SESSION_CLASS = user
# environment
VSCODE_AMD_ENTRYPOINT = vs/workbench/api/node/extensionHostProcess
# environment
HOME = /home/radsteve
# makefile (from 'config.mk', line 8)
MANPREFIX = $(PREFIX)/share/man
# makefile (from 'config.mk', line 28)
STLDFLAGS = $(LIBS) $(LDFLAGS)
# environment
ELECTRON_RUN_AS_NODE = 1
# environment
VSCODE_IPC_HOOK = /run/user/1000/vscode-5c59308f-1.67.2-main.sock
# environment
TERM = st-256color
# environment
XDG_SESSION_ID = 2
# default
.RECIPEPREFIX := 
# automatic
<F = $(notdir $<)
# default
SUFFIXES := 
# makefile (from 'config.mk', line 11)
X11LIB = /usr/X11R6/lib
# environment
VSCODE_CLI = 1
# environment
ELECTRON_NO_ATTACH_CONSOLE = 1
# default
.FEATURES := target-specific order-only second-expansion else-if shortest-stem undefine oneshell nocomment grouped-target extra-prereqs archives jobserver output-sync check-symlink guile load
# default
CC := c99
# environment
DOTNET_ROOT = /usr/share/dotnet
# environment
LC_IDENTIFICATION = de_DE.UTF-8
# variable set hash-table stats:
# Load=124/1024=12%, Rehash=0, Collisions=14/182=8%

# Pattern-specific Variable Values

# No pattern-specific variable values.

# Directories

# . (device 66306, inode 7603967): 36 files, no impossibilities.

# 36 files, no impossibilities in 1 directories.

# Implicit Rules

# No implicit rules.

# Files

dist: clean
#  Phony target (prerequisite of .PHONY).
#  Implicit rule search has not been done.
#  File does not exist.
#  File has not been updated.
#  recipe to execute (from 'Makefile', line 38):
	mkdir -p st-$(VERSION)
	cp -R FAQ LEGACY TODO LICENSE Makefile README config.mk\
		config.def.h st.info st.1 arg.h st.h win.h $(SRC)\
		st-$(VERSION)
	tar -cf - st-$(VERSION) | gzip > st-$(VERSION).tar.gz
	rm -rf st-$(VERSION)

.c.o:
#  Implicit rule search has not been done.
#  Modification time never checked.
#  File has not been updated.
#  recipe to execute (from 'Makefile', line 22):
	$(CC) $(STCFLAGS) -c $<

# Not a target:
arg.h:
#  Implicit rule search has not been done.
#  Modification time never checked.
#  File has not been updated.

hb.o: st.h config.h config.mk
#  Implicit rule search has not been done.
#  Modification time never checked.
#  File has not been updated.

# Not a target:
st.h:
#  Implicit rule search has not been done.
#  Modification time never checked.
#  File has not been updated.

# Not a target:
Makefile:
#  Implicit rule search has been done.
#  Last modified 2022-05-25 15:21:53.330381246
#  File has been updated.
#  Successfully updated.

st.o: config.h st.h win.h config.h config.mk
#  Implicit rule search has not been done.
#  Modification time never checked.
#  File has not been updated.

x.o: arg.h config.h st.h win.h hb.h config.h config.mk
#  Implicit rule search has not been done.
#  Modification time never checked.
#  File has not been updated.

uninstall:
#  Phony target (prerequisite of .PHONY).
#  Implicit rule search has not been done.
#  File does not exist.
#  File has not been updated.
#  recipe to execute (from 'Makefile', line 62):
	rm -f $(DESTDIR)$(PREFIX)/bin/st
	rm -f $(DESTDIR)$(PREFIX)/bin/st-copyout
	rm -f $(DESTDIR)$(PREFIX)/bin/st-urlhandler
	rm -f $(DESTDIR)$(MANPREFIX)/man1/st.1
	rm -f $(DESTDIR)$(PREFIX)/share/applications/st.desktop

clean:
#  Phony target (prerequisite of .PHONY).
#  Implicit rule search has not been done.
#  File does not exist.
#  File has not been updated.
#  recipe to execute (from 'Makefile', line 35):
	rm -f st $(OBJ) st-$(VERSION).tar.gz *.o *.orig *.rej

# Not a target:
boxdraw_data.h:
#  Implicit rule search has not been done.
#  Modification time never checked.
#  File has not been updated.

# Not a target:
hb.h:
#  Implicit rule search has not been done.
#  Modification time never checked.
#  File has not been updated.

boxdraw.o: config.h st.h boxdraw_data.h config.h config.mk
#  Implicit rule search has not been done.
#  Modification time never checked.
#  File has not been updated.

# Not a target:
.DEFAULT:
#  Implicit rule search has not been done.
#  Modification time never checked.
#  File has not been updated.

all: options st
#  Phony target (prerequisite of .PHONY).
#  Command line target.
#  Implicit rule search has not been done.
#  File does not exist.
#  File has been updated.
#  Needs to be updated (-q is set).
# variable set hash-table stats:
# Load=0/32=0%, Rehash=0, Collisions=0/21=0%

# Not a target:
config.mk:
#  Implicit rule search has been done.
#  Last modified 2022-05-25 15:21:53.330381246
#  File has been updated.
#  Successfully updated.

st: st.o x.o boxdraw.o hb.o
#  Implicit rule search has not been done.
#  Modification time never checked.
#  File has not been updated.
#  recipe to execute (from 'Makefile', line 32):
	$(CC) -o $@ $(OBJ) $(STLDFLAGS)

config.h:
#  Implicit rule search has not been done.
#  Modification time never checked.
#  File has not been updated.
#  recipe to execute (from 'Makefile', line 19):
	cp config.def.h config.h

.POSIX:
#  Implicit rule search has not been done.
#  Modification time never checked.
#  File has not been updated.

install: st
 
#  Phony target (prerequisite of .PHONY).
#  Implicit rule search has not been done.
#  File does not exist.
#  File has not been updated.
#  recipe to execute (from 'Makefile', line 46):
	mkdir -p $(DESTDIR)$(PREFIX)/bin
	cp -f st $(DESTDIR)$(PREFIX)/bin
	cp -f st-copyout $(DESTDIR)$(PREFIX)/bin
	cp -f st-urlhandler $(DESTDIR)$(PREFIX)/bin
	chmod 755 $(DESTDIR)$(PREFIX)/bin/st
	chmod 755 $(DESTDIR)$(PREFIX)/bin/st-copyout
	chmod 755 $(DESTDIR)$(PREFIX)/bin/st-urlhandler
	mkdir -p $(DESTDIR)$(MANPREFIX)/man1
	sed "s/VERSION/$(VERSION)/g" < st.1 > $(DESTDIR)$(MANPREFIX)/man1/st.1
	chmod 644 $(DESTDIR)$(MANPREFIX)/man1/st.1
	tic -sx st.info
	@echo Please see the README file regarding the terminfo entry of st.
	mkdir -p $(DESTDIR)$(PREFIX)/share/applications
	cp -f st.desktop $(DESTDIR)$(PREFIX)/share/applications

# Not a target:
win.h:
#  Implicit rule search has not been done.
#  Modification time never checked.
#  File has not been updated.

# Not a target:
.SUFFIXES:
#  Implicit rule search has not been done.
#  Modification time never checked.
#  File has not been updated.

.PHONY: all options clean dist install uninstall
#  Implicit rule search has not been done.
#  Modification time never checked.
#  File has not been updated.

options:
#  Phony target (prerequisite of .PHONY).
#  Implicit rule search has not been done.
#  Implicit/static pattern stem: ''
#  File does not exist.
#  File has been updated.
#  Needs to be updated (-q is set).
# automatic
# @ := options
# automatic
# * := 
# automatic
# < := 
# automatic
# + := 
# automatic
# % := 
# automatic
# ^ := 
# automatic
# ? := 
# automatic
# | := 
# variable set hash-table stats:
# Load=8/32=25%, Rehash=0, Collisions=14/29=48%
#  recipe to execute (from 'Makefile', line 13):
	@echo st build options:
	@echo "CFLAGS  = $(STCFLAGS)"
	@echo "LDFLAGS = $(STLDFLAGS)"
	@echo "CC      = $(CC)"

# files hash-table stats:
# Load=24/1024=2%, Rehash=0, Collisions=3/71=4%
# VPATH Search Paths

# No 'vpath' search paths.

# No general ('VPATH' variable) search path.

# strcache buffers: 1 (0) / strings = 49 / storage = 411 B / avg = 8 B
# current buf: size = 8162 B / used = 411 B / count = 49 / avg = 8 B

# strcache performance: lookups = 114 / hit rate = 57%
# hash-table stats:
# Load=49/8192=1%, Rehash=0, Collisions=0/114=0%
# Finished Make data base on Wed May 25 20:53:33 2022

 
